0:0:0:0:0:0:0:1 - - [02/Apr/2020:16:12:22 -0500] "GET / HTTP/1.1" 200 2233
0:0:0:0:0:0:0:1 - - [02/Apr/2020:16:12:23 -0500] "GET /css/custom.css HTTP/1.1" 200 65
0:0:0:0:0:0:0:1 - - [02/Apr/2020:16:12:23 -0500] "GET /css/bootstrap.min.css HTTP/1.1" 200 155758
0:0:0:0:0:0:0:1 - - [02/Apr/2020:16:12:31 -0500] "GET / HTTP/1.1" 200 2233
0:0:0:0:0:0:0:1 - - [02/Apr/2020:16:12:31 -0500] "GET /css/custom.css HTTP/1.1" 200 65
0:0:0:0:0:0:0:1 - - [02/Apr/2020:16:12:31 -0500] "GET /css/bootstrap.min.css HTTP/1.1" 200 155758
0:0:0:0:0:0:0:1 - - [02/Apr/2020:16:12:32 -0500] "GET / HTTP/1.1" 200 2233
0:0:0:0:0:0:0:1 - - [02/Apr/2020:16:12:32 -0500] "GET /css/bootstrap.min.css HTTP/1.1" 200 155758
0:0:0:0:0:0:0:1 - - [02/Apr/2020:16:12:32 -0500] "GET /css/custom.css HTTP/1.1" 200 65
0:0:0:0:0:0:0:1 - - [02/Apr/2020:16:12:33 -0500] "GET / HTTP/1.1" 200 2233
0:0:0:0:0:0:0:1 - - [02/Apr/2020:16:12:33 -0500] "GET /css/bootstrap.min.css HTTP/1.1" 200 155758
0:0:0:0:0:0:0:1 - - [02/Apr/2020:16:12:33 -0500] "GET /css/custom.css HTTP/1.1" 200 65
0:0:0:0:0:0:0:1 - - [02/Apr/2020:16:12:35 -0500] "GET /login HTTP/1.1" 200 3107
0:0:0:0:0:0:0:1 - - [02/Apr/2020:16:12:35 -0500] "GET /css/custom.css HTTP/1.1" 200 65
0:0:0:0:0:0:0:1 - - [02/Apr/2020:16:12:35 -0500] "GET /css/bootstrap.min.css HTTP/1.1" 200 155758
0:0:0:0:0:0:0:1 - - [02/Apr/2020:16:12:41 -0500] "POST /login HTTP/1.1" 302 -
0:0:0:0:0:0:0:1 - - [02/Apr/2020:16:12:41 -0500] "GET / HTTP/1.1" 200 2753
0:0:0:0:0:0:0:1 - - [02/Apr/2020:16:12:41 -0500] "GET /css/custom.css HTTP/1.1" 200 65
0:0:0:0:0:0:0:1 - - [02/Apr/2020:16:12:41 -0500] "GET /css/bootstrap.min.css HTTP/1.1" 200 155758
0:0:0:0:0:0:0:1 - - [02/Apr/2020:16:15:24 -0500] "GET / HTTP/1.1" 200 2233
0:0:0:0:0:0:0:1 - - [02/Apr/2020:16:15:25 -0500] "GET /css/bootstrap.min.css HTTP/1.1" 200 155758
0:0:0:0:0:0:0:1 - - [02/Apr/2020:16:15:25 -0500] "GET /css/custom.css HTTP/1.1" 200 65
0:0:0:0:0:0:0:1 - - [02/Apr/2020:16:15:32 -0500] "GET / HTTP/1.1" 200 2233
0:0:0:0:0:0:0:1 - - [02/Apr/2020:16:15:32 -0500] "GET /css/bootstrap.min.css HTTP/1.1" 200 155758
0:0:0:0:0:0:0:1 - - [02/Apr/2020:16:15:32 -0500] "GET /css/custom.css HTTP/1.1" 200 65
0:0:0:0:0:0:0:1 - - [02/Apr/2020:16:17:13 -0500] "GET / HTTP/1.1" 200 2233
0:0:0:0:0:0:0:1 - - [02/Apr/2020:16:17:13 -0500] "GET /css/custom.css HTTP/1.1" 200 65
0:0:0:0:0:0:0:1 - - [02/Apr/2020:16:17:13 -0500] "GET /css/bootstrap.min.css HTTP/1.1" 200 155758
0:0:0:0:0:0:0:1 - - [02/Apr/2020:16:17:20 -0500] "GET /login HTTP/1.1" 200 3107
0:0:0:0:0:0:0:1 - - [02/Apr/2020:16:17:20 -0500] "GET /css/custom.css HTTP/1.1" 200 65
0:0:0:0:0:0:0:1 - - [02/Apr/2020:16:17:20 -0500] "GET /css/bootstrap.min.css HTTP/1.1" 200 155758
0:0:0:0:0:0:0:1 - - [02/Apr/2020:16:17:29 -0500] "POST /login HTTP/1.1" 302 -
0:0:0:0:0:0:0:1 - - [02/Apr/2020:16:17:29 -0500] "GET / HTTP/1.1" 200 2753
0:0:0:0:0:0:0:1 - - [02/Apr/2020:16:17:29 -0500] "GET /css/bootstrap.min.css HTTP/1.1" 200 155758
0:0:0:0:0:0:0:1 - - [02/Apr/2020:16:17:29 -0500] "GET /css/custom.css HTTP/1.1" 200 65
127.0.0.1 - - [02/Apr/2020:16:19:04 -0500] "GET / HTTP/1.1" 200 2233
0:0:0:0:0:0:0:1 - - [02/Apr/2020:16:19:04 -0500] "GET /css/custom.css HTTP/1.1" 200 65
127.0.0.1 - - [02/Apr/2020:16:19:04 -0500] "GET /css/bootstrap.min.css HTTP/1.1" 200 155758
0:0:0:0:0:0:0:1 - - [02/Apr/2020:16:19:08 -0500] "GET /signup HTTP/1.1" 200 4708
0:0:0:0:0:0:0:1 - - [02/Apr/2020:16:19:09 -0500] "GET /css/bootstrap.min.css HTTP/1.1" 200 155758
127.0.0.1 - - [02/Apr/2020:16:19:09 -0500] "GET /css/custom.css HTTP/1.1" 200 65
0:0:0:0:0:0:0:1 - - [02/Apr/2020:16:21:03 -0500] "GET /signup HTTP/1.1" 200 4751
0:0:0:0:0:0:0:1 - - [02/Apr/2020:16:21:03 -0500] "GET /css/bootstrap.min.css HTTP/1.1" 200 155758
0:0:0:0:0:0:0:1 - - [02/Apr/2020:16:21:03 -0500] "GET /css/custom.css HTTP/1.1" 200 65
0:0:0:0:0:0:0:1 - - [02/Apr/2020:16:21:46 -0500] "GET /signup HTTP/1.1" 200 4730
0:0:0:0:0:0:0:1 - - [02/Apr/2020:16:21:46 -0500] "GET /css/bootstrap.min.css HTTP/1.1" 200 155758
0:0:0:0:0:0:0:1 - - [02/Apr/2020:16:21:46 -0500] "GET /css/custom.css HTTP/1.1" 200 65
0:0:0:0:0:0:0:1 - - [02/Apr/2020:16:21:56 -0500] "GET /signup HTTP/1.1" 200 4740
0:0:0:0:0:0:0:1 - - [02/Apr/2020:16:21:56 -0500] "GET /css/bootstrap.min.css HTTP/1.1" 200 155758
0:0:0:0:0:0:0:1 - - [02/Apr/2020:16:21:56 -0500] "GET /css/custom.css HTTP/1.1" 200 65
0:0:0:0:0:0:0:1 - - [02/Apr/2020:16:22:22 -0500] "GET /signup HTTP/1.1" 200 4634
0:0:0:0:0:0:0:1 - - [02/Apr/2020:16:22:22 -0500] "GET /css/custom.css HTTP/1.1" 200 65
0:0:0:0:0:0:0:1 - - [02/Apr/2020:16:22:22 -0500] "GET /css/bootstrap.min.css HTTP/1.1" 200 155758
0:0:0:0:0:0:0:1 - - [02/Apr/2020:16:23:25 -0500] "GET /signup HTTP/1.1" 200 4462
0:0:0:0:0:0:0:1 - - [02/Apr/2020:16:23:25 -0500] "GET /css/bootstrap.min.css HTTP/1.1" 200 155758
0:0:0:0:0:0:0:1 - - [02/Apr/2020:16:23:25 -0500] "GET /css/custom.css HTTP/1.1" 200 65
0:0:0:0:0:0:0:1 - - [02/Apr/2020:16:23:41 -0500] "GET /signup HTTP/1.1" 200 4474
0:0:0:0:0:0:0:1 - - [02/Apr/2020:16:23:41 -0500] "GET /css/bootstrap.min.css HTTP/1.1" 200 155758
0:0:0:0:0:0:0:1 - - [02/Apr/2020:16:23:41 -0500] "GET /css/custom.css HTTP/1.1" 200 65
0:0:0:0:0:0:0:1 - - [02/Apr/2020:16:23:54 -0500] "GET /signup HTTP/1.1" 200 4484
0:0:0:0:0:0:0:1 - - [02/Apr/2020:16:23:54 -0500] "GET /css/bootstrap.min.css HTTP/1.1" 200 155758
0:0:0:0:0:0:0:1 - - [02/Apr/2020:16:23:54 -0500] "GET /css/custom.css HTTP/1.1" 200 65
0:0:0:0:0:0:0:1 - - [02/Apr/2020:16:23:56 -0500] "GET /signup HTTP/1.1" 200 4484
0:0:0:0:0:0:0:1 - - [02/Apr/2020:16:23:56 -0500] "GET /css/custom.css HTTP/1.1" 200 65
0:0:0:0:0:0:0:1 - - [02/Apr/2020:16:23:56 -0500] "GET /css/bootstrap.min.css HTTP/1.1" 200 155758
0:0:0:0:0:0:0:1 - - [02/Apr/2020:16:23:56 -0500] "GET /signup HTTP/1.1" 200 4484
0:0:0:0:0:0:0:1 - - [02/Apr/2020:16:23:56 -0500] "GET /css/bootstrap.min.css HTTP/1.1" 200 155758
0:0:0:0:0:0:0:1 - - [02/Apr/2020:16:23:56 -0500] "GET /css/custom.css HTTP/1.1" 200 65
0:0:0:0:0:0:0:1 - - [02/Apr/2020:16:23:56 -0500] "GET /signup HTTP/1.1" 200 4484
0:0:0:0:0:0:0:1 - - [02/Apr/2020:16:23:56 -0500] "GET /css/bootstrap.min.css HTTP/1.1" 200 155758
0:0:0:0:0:0:0:1 - - [02/Apr/2020:16:23:56 -0500] "GET /css/custom.css HTTP/1.1" 200 65
0:0:0:0:0:0:0:1 - - [02/Apr/2020:16:24:03 -0500] "GET /signup HTTP/1.1" 200 4478
0:0:0:0:0:0:0:1 - - [02/Apr/2020:16:24:03 -0500] "GET /css/bootstrap.min.css HTTP/1.1" 200 155758
0:0:0:0:0:0:0:1 - - [02/Apr/2020:16:24:03 -0500] "GET /css/custom.css HTTP/1.1" 200 65
0:0:0:0:0:0:0:1 - - [02/Apr/2020:16:24:52 -0500] "POST /register HTTP/1.1" 404 306
0:0:0:0:0:0:0:1 - - [02/Apr/2020:16:25:29 -0500] "GET /css/bootstrap.min.css HTTP/1.1" 200 155758
0:0:0:0:0:0:0:1 - - [02/Apr/2020:16:25:29 -0500] "GET /css/custom.css HTTP/1.1" 200 65
0:0:0:0:0:0:0:1 - - [02/Apr/2020:16:25:32 -0500] "GET /signup HTTP/1.1" 200 4478
0:0:0:0:0:0:0:1 - - [02/Apr/2020:16:25:32 -0500] "GET /css/bootstrap.min.css HTTP/1.1" 200 155758
0:0:0:0:0:0:0:1 - - [02/Apr/2020:16:25:32 -0500] "GET /css/custom.css HTTP/1.1" 200 65
0:0:0:0:0:0:0:1 - - [02/Apr/2020:16:25:47 -0500] "GET /signup HTTP/1.1" 200 4478
0:0:0:0:0:0:0:1 - - [02/Apr/2020:16:25:47 -0500] "GET /css/bootstrap.min.css HTTP/1.1" 200 155758
0:0:0:0:0:0:0:1 - - [02/Apr/2020:16:25:47 -0500] "GET /css/custom.css HTTP/1.1" 200 65
0:0:0:0:0:0:0:1 - - [02/Apr/2020:16:25:54 -0500] "GET /signup HTTP/1.1" 200 4478
0:0:0:0:0:0:0:1 - - [02/Apr/2020:16:25:54 -0500] "GET /css/custom.css HTTP/1.1" 200 65
0:0:0:0:0:0:0:1 - - [02/Apr/2020:16:25:54 -0500] "GET /css/bootstrap.min.css HTTP/1.1" 200 155758
